Iniciando extração em: /home/patrick/1_PROJETO_DOCAGEM/Projeto_DXR/Banco-de-dados-bindingDB/Descritores/PROJETO_DXR_ML_GNN/00_Dados_Originais/docking_boltz-2_V3
Total de registros: 118
------------------------------------------------------------
[7457] Selecionado: Resíduo 'LIG1' (Cadeia 'B', ID 1) com 21 átomos.
[7457] SUCESSO: Salvo em /home/patrick/1_PROJETO_DOCAGEM/Projeto_DXR/Banco-de-dados-bindingDB/Descritores/PROJETO_DXR_ML_GNN/00_Dados_Originais/docking_boltz-2_V3/02_Ligantes_3D/pdb_from_cif_LIG1/7457_LIG1.pdb
[7459] Selecionado: Resíduo 'LIG1' (Cadeia 'B', ID 1) com 21 átomos.
[7459] SUCESSO: Salvo em /home/patrick/1_PROJETO_DOCAGEM/Projeto_DXR/Banco-de-dados-bindingDB/Descritores/PROJETO_DXR_ML_GNN/00_Dados_Originais/docking_boltz-2_V3/02_Ligantes_3D/pdb_from_cif_LIG1/7459_LIG1.pdb
[7460] Selecionado: Resíduo 'LIG1' (Cadeia 'B', ID 1) com 22 átomos.
[7460] SUCESSO: Salvo em /home/patrick/1_PROJETO_DOCAGEM/Projeto_DXR/Banco-de-dados-bindingDB/Descritores/PROJETO_DXR_ML_GNN/00_Dados_Originais/docking_boltz-2_V3/02_Ligantes_3D/pdb_from_cif_LIG1/7460_LIG1.pdb
[15236] Selecionado: Resíduo 'LIG1' (Cadeia 'B', ID 1) com 23 átomos.
[15236] SUCESSO: Salvo em /home/patrick/1_PROJETO_DOCAGEM/Projeto_DXR/Banco-de-dados-bindingDB/Descritores/PROJETO_DXR_ML_GNN/00_Dados_Originais/docking_boltz-2_V3/02_Ligantes_3D/pdb_from_cif_LIG1/15236_LIG1.pdb
[59100] Selecionado: Resíduo 'LIG1' (Cadeia 'B', ID 1) com 34 átomos.
[59100] SUCESSO: Salvo em /home/patrick/1_PROJETO_DOCAGEM/Projeto_DXR/Banco-de-dados-bindingDB/Descritores/PROJETO_DXR_ML_GNN/00_Dados_Originais/docking_boltz-2_V3/02_Ligantes_3D/pdb_from_cif_LIG1/59100_LIG1.pdb
[701278] Selecionado: Resíduo 'LIG1' (Cadeia 'B', ID 1) com 25 átomos.
[701278] SUCESSO: Salvo em /home/patrick/1_PROJETO_DOCAGEM/Projeto_DXR/Banco-de-dados-bindingDB/Descritores/PROJETO_DXR_ML_GNN/00_Dados_Originais/docking_boltz-2_V3/02_Ligantes_3D/pdb_from_cif_LIG1/701278_LIG1.pdb
[50009001] Selecionado: Resíduo 'LIG1' (Cadeia 'B', ID 1) com 20 átomos.
[50009001] SUCESSO: Salvo em /home/patrick/1_PROJETO_DOCAGEM/Projeto_DXR/Banco-de-dados-bindingDB/Descritores/PROJETO_DXR_ML_GNN/00_Dados_Originais/docking_boltz-2_V3/02_Ligantes_3D/pdb_from_cif_LIG1/50009001_LIG1.pdb
[50028309] Selecionado: Resíduo 'LIG1' (Cadeia 'B', ID 1) com 11 átomos.
[50028309] SUCESSO: Salvo em /home/patrick/1_PROJETO_DOCAGEM/Projeto_DXR/Banco-de-dados-bindingDB/Descritores/PROJETO_DXR_ML_GNN/00_Dados_Originais/docking_boltz-2_V3/02_Ligantes_3D/pdb_from_cif_LIG1/50028309_LIG1.pdb
[50028310] Selecionado: Resíduo 'LIG1' (Cadeia 'B', ID 1) com 18 átomos.
[50028310] SUCESSO: Salvo em /home/patrick/1_PROJETO_DOCAGEM/Projeto_DXR/Banco-de-dados-bindingDB/Descritores/PROJETO_DXR_ML_GNN/00_Dados_Originais/docking_boltz-2_V3/02_Ligantes_3D/pdb_from_cif_LIG1/50028310_LIG1.pdb
[50028362] Selecionado: Resíduo 'LIG1' (Cadeia 'B', ID 1) com 20 átomos.
[50028362] SUCESSO: Salvo em /home/patrick/1_PROJETO_DOCAGEM/Projeto_DXR/Banco-de-dados-bindingDB/Descritores/PROJETO_DXR_ML_GNN/00_Dados_Originais/docking_boltz-2_V3/02_Ligantes_3D/pdb_from_cif_LIG1/50028362_LIG1.pdb
[50028363] Selecionado: Resíduo 'LIG1' (Cadeia 'B', ID 1) com 19 átomos.
[50028363] SUCESSO: Salvo em /home/patrick/1_PROJETO_DOCAGEM/Projeto_DXR/Banco-de-dados-bindingDB/Descritores/PROJETO_DXR_ML_GNN/00_Dados_Originais/docking_boltz-2_V3/02_Ligantes_3D/pdb_from_cif_LIG1/50028363_LIG1.pdb
[50028364] Selecionado: Resíduo 'LIG1' (Cadeia 'B', ID 1) com 22 átomos.
[50028364] SUCESSO: Salvo em /home/patrick/1_PROJETO_DOCAGEM/Projeto_DXR/Banco-de-dados-bindingDB/Descritores/PROJETO_DXR_ML_GNN/00_Dados_Originais/docking_boltz-2_V3/02_Ligantes_3D/pdb_from_cif_LIG1/50028364_LIG1.pdb
[50028371] Selecionado: Resíduo 'LIG1' (Cadeia 'B', ID 1) com 21 átomos.
[50028371] SUCESSO: Salvo em /home/patrick/1_PROJETO_DOCAGEM/Projeto_DXR/Banco-de-dados-bindingDB/Descritores/PROJETO_DXR_ML_GNN/00_Dados_Originais/docking_boltz-2_V3/02_Ligantes_3D/pdb_from_cif_LIG1/50028371_LIG1.pdb
[50028373] Selecionado: Resíduo 'LIG1' (Cadeia 'B', ID 1) com 20 átomos.
[50028373] SUCESSO: Salvo em /home/patrick/1_PROJETO_DOCAGEM/Projeto_DXR/Banco-de-dados-bindingDB/Descritores/PROJETO_DXR_ML_GNN/00_Dados_Originais/docking_boltz-2_V3/02_Ligantes_3D/pdb_from_cif_LIG1/50028373_LIG1.pdb
[50028380] Selecionado: Resíduo 'LIG1' (Cadeia 'B', ID 1) com 19 átomos.
[50028380] SUCESSO: Salvo em /home/patrick/1_PROJETO_DOCAGEM/Projeto_DXR/Banco-de-dados-bindingDB/Descritores/PROJETO_DXR_ML_GNN/00_Dados_Originais/docking_boltz-2_V3/02_Ligantes_3D/pdb_from_cif_LIG1/50028380_LIG1.pdb
[50028381] Selecionado: Resíduo 'LIG1' (Cadeia 'B', ID 1) com 21 átomos.
[50028381] SUCESSO: Salvo em /home/patrick/1_PROJETO_DOCAGEM/Projeto_DXR/Banco-de-dados-bindingDB/Descritores/PROJETO_DXR_ML_GNN/00_Dados_Originais/docking_boltz-2_V3/02_Ligantes_3D/pdb_from_cif_LIG1/50028381_LIG1.pdb
[50044967] Selecionado: Resíduo 'LIG1' (Cadeia 'B', ID 1) com 34 átomos.
[50044967] SUCESSO: Salvo em /home/patrick/1_PROJETO_DOCAGEM/Projeto_DXR/Banco-de-dados-bindingDB/Descritores/PROJETO_DXR_ML_GNN/00_Dados_Originais/docking_boltz-2_V3/02_Ligantes_3D/pdb_from_cif_LIG1/50044967_LIG1.pdb
[50044971] Selecionado: Resíduo 'LIG1' (Cadeia 'B', ID 1) com 34 átomos.
[50044971] SUCESSO: Salvo em /home/patrick/1_PROJETO_DOCAGEM/Projeto_DXR/Banco-de-dados-bindingDB/Descritores/PROJETO_DXR_ML_GNN/00_Dados_Originais/docking_boltz-2_V3/02_Ligantes_3D/pdb_from_cif_LIG1/50044971_LIG1.pdb
[50044973] Selecionado: Resíduo 'LIG1' (Cadeia 'B', ID 1) com 34 átomos.
[50044973] SUCESSO: Salvo em /home/patrick/1_PROJETO_DOCAGEM/Projeto_DXR/Banco-de-dados-bindingDB/Descritores/PROJETO_DXR_ML_GNN/00_Dados_Originais/docking_boltz-2_V3/02_Ligantes_3D/pdb_from_cif_LIG1/50044973_LIG1.pdb
[50044975] Selecionado: Resíduo 'LIG1' (Cadeia 'B', ID 1) com 21 átomos.
[50044975] SUCESSO: Salvo em /home/patrick/1_PROJETO_DOCAGEM/Projeto_DXR/Banco-de-dados-bindingDB/Descritores/PROJETO_DXR_ML_GNN/00_Dados_Originais/docking_boltz-2_V3/02_Ligantes_3D/pdb_from_cif_LIG1/50044975_LIG1.pdb
[50044976] Selecionado: Resíduo 'LIG1' (Cadeia 'B', ID 1) com 20 átomos.
[50044976] SUCESSO: Salvo em /home/patrick/1_PROJETO_DOCAGEM/Projeto_DXR/Banco-de-dados-bindingDB/Descritores/PROJETO_DXR_ML_GNN/00_Dados_Originais/docking_boltz-2_V3/02_Ligantes_3D/pdb_from_cif_LIG1/50044976_LIG1.pdb
[50081647] Selecionado: Resíduo 'LIG1' (Cadeia 'B', ID 1) com 13 átomos.
[50081647] SUCESSO: Salvo em /home/patrick/1_PROJETO_DOCAGEM/Projeto_DXR/Banco-de-dados-bindingDB/Descritores/PROJETO_DXR_ML_GNN/00_Dados_Originais/docking_boltz-2_V3/02_Ligantes_3D/pdb_from_cif_LIG1/50081647_LIG1.pdb
[50081649] Selecionado: Resíduo 'LIG1' (Cadeia 'B', ID 1) com 21 átomos.
[50081649] SUCESSO: Salvo em /home/patrick/1_PROJETO_DOCAGEM/Projeto_DXR/Banco-de-dados-bindingDB/Descritores/PROJETO_DXR_ML_GNN/00_Dados_Originais/docking_boltz-2_V3/02_Ligantes_3D/pdb_from_cif_LIG1/50081649_LIG1.pdb
[50081650] Selecionado: Resíduo 'LIG1' (Cadeia 'B', ID 1) com 22 átomos.
[50081650] SUCESSO: Salvo em /home/patrick/1_PROJETO_DOCAGEM/Projeto_DXR/Banco-de-dados-bindingDB/Descritores/PROJETO_DXR_ML_GNN/00_Dados_Originais/docking_boltz-2_V3/02_Ligantes_3D/pdb_from_cif_LIG1/50081650_LIG1.pdb
[50115109] Selecionado: Resíduo 'LIG1' (Cadeia 'B', ID 1) com 17 átomos.
[50115109] SUCESSO: Salvo em /home/patrick/1_PROJETO_DOCAGEM/Projeto_DXR/Banco-de-dados-bindingDB/Descritores/PROJETO_DXR_ML_GNN/00_Dados_Originais/docking_boltz-2_V3/02_Ligantes_3D/pdb_from_cif_LIG1/50115109_LIG1.pdb
[50135835] Selecionado: Resíduo 'LIG1' (Cadeia 'B', ID 1) com 20 átomos.
[50135835] SUCESSO: Salvo em /home/patrick/1_PROJETO_DOCAGEM/Projeto_DXR/Banco-de-dados-bindingDB/Descritores/PROJETO_DXR_ML_GNN/00_Dados_Originais/docking_boltz-2_V3/02_Ligantes_3D/pdb_from_cif_LIG1/50135835_LIG1.pdb
[50153713] Selecionado: Resíduo 'LIG1' (Cadeia 'B', ID 1) com 11 átomos.
[50153713] SUCESSO: Salvo em /home/patrick/1_PROJETO_DOCAGEM/Projeto_DXR/Banco-de-dados-bindingDB/Descritores/PROJETO_DXR_ML_GNN/00_Dados_Originais/docking_boltz-2_V3/02_Ligantes_3D/pdb_from_cif_LIG1/50153713_LIG1.pdb
[50181147] Selecionado: Resíduo 'LIG1' (Cadeia 'B', ID 1) com 18 átomos.
[50181147] SUCESSO: Salvo em /home/patrick/1_PROJETO_DOCAGEM/Projeto_DXR/Banco-de-dados-bindingDB/Descritores/PROJETO_DXR_ML_GNN/00_Dados_Originais/docking_boltz-2_V3/02_Ligantes_3D/pdb_from_cif_LIG1/50181147_LIG1.pdb
[50181148] Selecionado: Resíduo 'LIG1' (Cadeia 'B', ID 1) com 20 átomos.
[50181148] SUCESSO: Salvo em /home/patrick/1_PROJETO_DOCAGEM/Projeto_DXR/Banco-de-dados-bindingDB/Descritores/PROJETO_DXR_ML_GNN/00_Dados_Originais/docking_boltz-2_V3/02_Ligantes_3D/pdb_from_cif_LIG1/50181148_LIG1.pdb
[50181149] Selecionado: Resíduo 'LIG1' (Cadeia 'B', ID 1) com 19 átomos.
[50181149] SUCESSO: Salvo em /home/patrick/1_PROJETO_DOCAGEM/Projeto_DXR/Banco-de-dados-bindingDB/Descritores/PROJETO_DXR_ML_GNN/00_Dados_Originais/docking_boltz-2_V3/02_Ligantes_3D/pdb_from_cif_LIG1/50181149_LIG1.pdb
[50181150] Selecionado: Resíduo 'LIG1' (Cadeia 'B', ID 1) com 19 átomos.
[50181150] SUCESSO: Salvo em /home/patrick/1_PROJETO_DOCAGEM/Projeto_DXR/Banco-de-dados-bindingDB/Descritores/PROJETO_DXR_ML_GNN/00_Dados_Originais/docking_boltz-2_V3/02_Ligantes_3D/pdb_from_cif_LIG1/50181150_LIG1.pdb
[50181151] Selecionado: Resíduo 'LIG1' (Cadeia 'B', ID 1) com 20 átomos.
[50181151] SUCESSO: Salvo em /home/patrick/1_PROJETO_DOCAGEM/Projeto_DXR/Banco-de-dados-bindingDB/Descritores/PROJETO_DXR_ML_GNN/00_Dados_Originais/docking_boltz-2_V3/02_Ligantes_3D/pdb_from_cif_LIG1/50181151_LIG1.pdb
[50181152] Selecionado: Resíduo 'LIG1' (Cadeia 'B', ID 1) com 19 átomos.
[50181152] SUCESSO: Salvo em /home/patrick/1_PROJETO_DOCAGEM/Projeto_DXR/Banco-de-dados-bindingDB/Descritores/PROJETO_DXR_ML_GNN/00_Dados_Originais/docking_boltz-2_V3/02_Ligantes_3D/pdb_from_cif_LIG1/50181152_LIG1.pdb
[50181153] Selecionado: Resíduo 'LIG1' (Cadeia 'B', ID 1) com 12 átomos.
[50181153] SUCESSO: Salvo em /home/patrick/1_PROJETO_DOCAGEM/Projeto_DXR/Banco-de-dados-bindingDB/Descritores/PROJETO_DXR_ML_GNN/00_Dados_Originais/docking_boltz-2_V3/02_Ligantes_3D/pdb_from_cif_LIG1/50181153_LIG1.pdb
[50181154] Selecionado: Resíduo 'LIG1' (Cadeia 'B', ID 1) com 19 átomos.
[50181154] SUCESSO: Salvo em /home/patrick/1_PROJETO_DOCAGEM/Projeto_DXR/Banco-de-dados-bindingDB/Descritores/PROJETO_DXR_ML_GNN/00_Dados_Originais/docking_boltz-2_V3/02_Ligantes_3D/pdb_from_cif_LIG1/50181154_LIG1.pdb
[50185361] Selecionado: Resíduo 'LIG1' (Cadeia 'B', ID 1) com 13 átomos.
[50185361] SUCESSO: Salvo em /home/patrick/1_PROJETO_DOCAGEM/Projeto_DXR/Banco-de-dados-bindingDB/Descritores/PROJETO_DXR_ML_GNN/00_Dados_Originais/docking_boltz-2_V3/02_Ligantes_3D/pdb_from_cif_LIG1/50185361_LIG1.pdb
[50185362] Selecionado: Resíduo 'LIG1' (Cadeia 'B', ID 1) com 14 átomos.
[50185362] SUCESSO: Salvo em /home/patrick/1_PROJETO_DOCAGEM/Projeto_DXR/Banco-de-dados-bindingDB/Descritores/PROJETO_DXR_ML_GNN/00_Dados_Originais/docking_boltz-2_V3/02_Ligantes_3D/pdb_from_cif_LIG1/50185362_LIG1.pdb
[50185363] Selecionado: Resíduo 'LIG1' (Cadeia 'B', ID 1) com 12 átomos.
[50185363] SUCESSO: Salvo em /home/patrick/1_PROJETO_DOCAGEM/Projeto_DXR/Banco-de-dados-bindingDB/Descritores/PROJETO_DXR_ML_GNN/00_Dados_Originais/docking_boltz-2_V3/02_Ligantes_3D/pdb_from_cif_LIG1/50185363_LIG1.pdb
[50335486] Selecionado: Resíduo 'LIG1' (Cadeia 'B', ID 1) com 14 átomos.
[50335486] SUCESSO: Salvo em /home/patrick/1_PROJETO_DOCAGEM/Projeto_DXR/Banco-de-dados-bindingDB/Descritores/PROJETO_DXR_ML_GNN/00_Dados_Originais/docking_boltz-2_V3/02_Ligantes_3D/pdb_from_cif_LIG1/50335486_LIG1.pdb
[50335490] Selecionado: Resíduo 'LIG1' (Cadeia 'B', ID 1) com 11 átomos.
[50335490] SUCESSO: Salvo em /home/patrick/1_PROJETO_DOCAGEM/Projeto_DXR/Banco-de-dados-bindingDB/Descritores/PROJETO_DXR_ML_GNN/00_Dados_Originais/docking_boltz-2_V3/02_Ligantes_3D/pdb_from_cif_LIG1/50335490_LIG1.pdb
[50335491] Selecionado: Resíduo 'LIG1' (Cadeia 'B', ID 1) com 11 átomos.
[50335491] SUCESSO: Salvo em /home/patrick/1_PROJETO_DOCAGEM/Projeto_DXR/Banco-de-dados-bindingDB/Descritores/PROJETO_DXR_ML_GNN/00_Dados_Originais/docking_boltz-2_V3/02_Ligantes_3D/pdb_from_cif_LIG1/50335491_LIG1.pdb
[50335492] Selecionado: Resíduo 'LIG1' (Cadeia 'B', ID 1) com 11 átomos.
[50335492] SUCESSO: Salvo em /home/patrick/1_PROJETO_DOCAGEM/Projeto_DXR/Banco-de-dados-bindingDB/Descritores/PROJETO_DXR_ML_GNN/00_Dados_Originais/docking_boltz-2_V3/02_Ligantes_3D/pdb_from_cif_LIG1/50335492_LIG1.pdb
[50335493] Selecionado: Resíduo 'LIG1' (Cadeia 'B', ID 1) com 17 átomos.
[50335493] SUCESSO: Salvo em /home/patrick/1_PROJETO_DOCAGEM/Projeto_DXR/Banco-de-dados-bindingDB/Descritores/PROJETO_DXR_ML_GNN/00_Dados_Originais/docking_boltz-2_V3/02_Ligantes_3D/pdb_from_cif_LIG1/50335493_LIG1.pdb
[50335494] Selecionado: Resíduo 'LIG1' (Cadeia 'B', ID 1) com 15 átomos.
[50335494] SUCESSO: Salvo em /home/patrick/1_PROJETO_DOCAGEM/Projeto_DXR/Banco-de-dados-bindingDB/Descritores/PROJETO_DXR_ML_GNN/00_Dados_Originais/docking_boltz-2_V3/02_Ligantes_3D/pdb_from_cif_LIG1/50335494_LIG1.pdb
[50379999] Selecionado: Resíduo 'LIG1' (Cadeia 'B', ID 1) com 11 átomos.
[50379999] SUCESSO: Salvo em /home/patrick/1_PROJETO_DOCAGEM/Projeto_DXR/Banco-de-dados-bindingDB/Descritores/PROJETO_DXR_ML_GNN/00_Dados_Originais/docking_boltz-2_V3/02_Ligantes_3D/pdb_from_cif_LIG1/50379999_LIG1.pdb
[50380000] Selecionado: Resíduo 'LIG1' (Cadeia 'B', ID 1) com 12 átomos.
[50380000] SUCESSO: Salvo em /home/patrick/1_PROJETO_DOCAGEM/Projeto_DXR/Banco-de-dados-bindingDB/Descritores/PROJETO_DXR_ML_GNN/00_Dados_Originais/docking_boltz-2_V3/02_Ligantes_3D/pdb_from_cif_LIG1/50380000_LIG1.pdb
[50422641] Selecionado: Resíduo 'LIG1' (Cadeia 'B', ID 1) com 18 átomos.
[50422641] SUCESSO: Salvo em /home/patrick/1_PROJETO_DOCAGEM/Projeto_DXR/Banco-de-dados-bindingDB/Descritores/PROJETO_DXR_ML_GNN/00_Dados_Originais/docking_boltz-2_V3/02_Ligantes_3D/pdb_from_cif_LIG1/50422641_LIG1.pdb
[50422642] Selecionado: Resíduo 'LIG1' (Cadeia 'B', ID 1) com 18 átomos.
[50422642] SUCESSO: Salvo em /home/patrick/1_PROJETO_DOCAGEM/Projeto_DXR/Banco-de-dados-bindingDB/Descritores/PROJETO_DXR_ML_GNN/00_Dados_Originais/docking_boltz-2_V3/02_Ligantes_3D/pdb_from_cif_LIG1/50422642_LIG1.pdb
[50422643] Selecionado: Resíduo 'LIG1' (Cadeia 'B', ID 1) com 15 átomos.
[50422643] SUCESSO: Salvo em /home/patrick/1_PROJETO_DOCAGEM/Projeto_DXR/Banco-de-dados-bindingDB/Descritores/PROJETO_DXR_ML_GNN/00_Dados_Originais/docking_boltz-2_V3/02_Ligantes_3D/pdb_from_cif_LIG1/50422643_LIG1.pdb
[50422645] Selecionado: Resíduo 'LIG1' (Cadeia 'B', ID 1) com 23 átomos.
[50422645] SUCESSO: Salvo em /home/patrick/1_PROJETO_DOCAGEM/Projeto_DXR/Banco-de-dados-bindingDB/Descritores/PROJETO_DXR_ML_GNN/00_Dados_Originais/docking_boltz-2_V3/02_Ligantes_3D/pdb_from_cif_LIG1/50422645_LIG1.pdb
[50422646] Selecionado: Resíduo 'LIG1' (Cadeia 'B', ID 1) com 14 átomos.
[50422646] SUCESSO: Salvo em /home/patrick/1_PROJETO_DOCAGEM/Projeto_DXR/Banco-de-dados-bindingDB/Descritores/PROJETO_DXR_ML_GNN/00_Dados_Originais/docking_boltz-2_V3/02_Ligantes_3D/pdb_from_cif_LIG1/50422646_LIG1.pdb
[50422647] Selecionado: Resíduo 'LIG1' (Cadeia 'B', ID 1) com 15 átomos.
[50422647] SUCESSO: Salvo em /home/patrick/1_PROJETO_DOCAGEM/Projeto_DXR/Banco-de-dados-bindingDB/Descritores/PROJETO_DXR_ML_GNN/00_Dados_Originais/docking_boltz-2_V3/02_Ligantes_3D/pdb_from_cif_LIG1/50422647_LIG1.pdb
[50422649] Selecionado: Resíduo 'LIG1' (Cadeia 'B', ID 1) com 25 átomos.
[50422649] SUCESSO: Salvo em /home/patrick/1_PROJETO_DOCAGEM/Projeto_DXR/Banco-de-dados-bindingDB/Descritores/PROJETO_DXR_ML_GNN/00_Dados_Originais/docking_boltz-2_V3/02_Ligantes_3D/pdb_from_cif_LIG1/50422649_LIG1.pdb
[50422650] Selecionado: Resíduo 'LIG1' (Cadeia 'B', ID 1) com 12 átomos.
[50422650] SUCESSO: Salvo em /home/patrick/1_PROJETO_DOCAGEM/Projeto_DXR/Banco-de-dados-bindingDB/Descritores/PROJETO_DXR_ML_GNN/00_Dados_Originais/docking_boltz-2_V3/02_Ligantes_3D/pdb_from_cif_LIG1/50422650_LIG1.pdb
[50422651] Selecionado: Resíduo 'LIG1' (Cadeia 'B', ID 1) com 21 átomos.
[50422651] SUCESSO: Salvo em /home/patrick/1_PROJETO_DOCAGEM/Projeto_DXR/Banco-de-dados-bindingDB/Descritores/PROJETO_DXR_ML_GNN/00_Dados_Originais/docking_boltz-2_V3/02_Ligantes_3D/pdb_from_cif_LIG1/50422651_LIG1.pdb
[50422652] Selecionado: Resíduo 'LIG1' (Cadeia 'B', ID 1) com 27 átomos.
[50422652] SUCESSO: Salvo em /home/patrick/1_PROJETO_DOCAGEM/Projeto_DXR/Banco-de-dados-bindingDB/Descritores/PROJETO_DXR_ML_GNN/00_Dados_Originais/docking_boltz-2_V3/02_Ligantes_3D/pdb_from_cif_LIG1/50422652_LIG1.pdb
[50422653] Selecionado: Resíduo 'LIG1' (Cadeia 'B', ID 1) com 18 átomos.
[50422653] SUCESSO: Salvo em /home/patrick/1_PROJETO_DOCAGEM/Projeto_DXR/Banco-de-dados-bindingDB/Descritores/PROJETO_DXR_ML_GNN/00_Dados_Originais/docking_boltz-2_V3/02_Ligantes_3D/pdb_from_cif_LIG1/50422653_LIG1.pdb
[50422654] Selecionado: Resíduo 'LIG1' (Cadeia 'B', ID 1) com 14 átomos.
[50422654] SUCESSO: Salvo em /home/patrick/1_PROJETO_DOCAGEM/Projeto_DXR/Banco-de-dados-bindingDB/Descritores/PROJETO_DXR_ML_GNN/00_Dados_Originais/docking_boltz-2_V3/02_Ligantes_3D/pdb_from_cif_LIG1/50422654_LIG1.pdb
[50422656] Selecionado: Resíduo 'LIG1' (Cadeia 'B', ID 1) com 14 átomos.
[50422656] SUCESSO: Salvo em /home/patrick/1_PROJETO_DOCAGEM/Projeto_DXR/Banco-de-dados-bindingDB/Descritores/PROJETO_DXR_ML_GNN/00_Dados_Originais/docking_boltz-2_V3/02_Ligantes_3D/pdb_from_cif_LIG1/50422656_LIG1.pdb
[50422659] Selecionado: Resíduo 'LIG1' (Cadeia 'B', ID 1) com 18 átomos.
[50422659] SUCESSO: Salvo em /home/patrick/1_PROJETO_DOCAGEM/Projeto_DXR/Banco-de-dados-bindingDB/Descritores/PROJETO_DXR_ML_GNN/00_Dados_Originais/docking_boltz-2_V3/02_Ligantes_3D/pdb_from_cif_LIG1/50422659_LIG1.pdb
[50422661] Selecionado: Resíduo 'LIG1' (Cadeia 'B', ID 1) com 11 átomos.
[50422661] SUCESSO: Salvo em /home/patrick/1_PROJETO_DOCAGEM/Projeto_DXR/Banco-de-dados-bindingDB/Descritores/PROJETO_DXR_ML_GNN/00_Dados_Originais/docking_boltz-2_V3/02_Ligantes_3D/pdb_from_cif_LIG1/50422661_LIG1.pdb
[50422662] Selecionado: Resíduo 'LIG1' (Cadeia 'B', ID 1) com 18 átomos.
[50422662] SUCESSO: Salvo em /home/patrick/1_PROJETO_DOCAGEM/Projeto_DXR/Banco-de-dados-bindingDB/Descritores/PROJETO_DXR_ML_GNN/00_Dados_Originais/docking_boltz-2_V3/02_Ligantes_3D/pdb_from_cif_LIG1/50422662_LIG1.pdb
[50422663] Selecionado: Resíduo 'LIG1' (Cadeia 'B', ID 1) com 13 átomos.
[50422663] SUCESSO: Salvo em /home/patrick/1_PROJETO_DOCAGEM/Projeto_DXR/Banco-de-dados-bindingDB/Descritores/PROJETO_DXR_ML_GNN/00_Dados_Originais/docking_boltz-2_V3/02_Ligantes_3D/pdb_from_cif_LIG1/50422663_LIG1.pdb
[50422664] Selecionado: Resíduo 'LIG1' (Cadeia 'B', ID 1) com 12 átomos.
[50422664] SUCESSO: Salvo em /home/patrick/1_PROJETO_DOCAGEM/Projeto_DXR/Banco-de-dados-bindingDB/Descritores/PROJETO_DXR_ML_GNN/00_Dados_Originais/docking_boltz-2_V3/02_Ligantes_3D/pdb_from_cif_LIG1/50422664_LIG1.pdb
[50422665] Selecionado: Resíduo 'LIG1' (Cadeia 'B', ID 1) com 14 átomos.
[50422665] SUCESSO: Salvo em /home/patrick/1_PROJETO_DOCAGEM/Projeto_DXR/Banco-de-dados-bindingDB/Descritores/PROJETO_DXR_ML_GNN/00_Dados_Originais/docking_boltz-2_V3/02_Ligantes_3D/pdb_from_cif_LIG1/50422665_LIG1.pdb
[50422666] Selecionado: Resíduo 'LIG1' (Cadeia 'B', ID 1) com 17 átomos.
[50422666] SUCESSO: Salvo em /home/patrick/1_PROJETO_DOCAGEM/Projeto_DXR/Banco-de-dados-bindingDB/Descritores/PROJETO_DXR_ML_GNN/00_Dados_Originais/docking_boltz-2_V3/02_Ligantes_3D/pdb_from_cif_LIG1/50422666_LIG1.pdb
[50422669] Selecionado: Resíduo 'LIG1' (Cadeia 'B', ID 1) com 13 átomos.
[50422669] SUCESSO: Salvo em /home/patrick/1_PROJETO_DOCAGEM/Projeto_DXR/Banco-de-dados-bindingDB/Descritores/PROJETO_DXR_ML_GNN/00_Dados_Originais/docking_boltz-2_V3/02_Ligantes_3D/pdb_from_cif_LIG1/50422669_LIG1.pdb
[50422670] Selecionado: Resíduo 'LIG1' (Cadeia 'B', ID 1) com 26 átomos.
[50422670] SUCESSO: Salvo em /home/patrick/1_PROJETO_DOCAGEM/Projeto_DXR/Banco-de-dados-bindingDB/Descritores/PROJETO_DXR_ML_GNN/00_Dados_Originais/docking_boltz-2_V3/02_Ligantes_3D/pdb_from_cif_LIG1/50422670_LIG1.pdb
[50422671] Selecionado: Resíduo 'LIG1' (Cadeia 'B', ID 1) com 14 átomos.
[50422671] SUCESSO: Salvo em /home/patrick/1_PROJETO_DOCAGEM/Projeto_DXR/Banco-de-dados-bindingDB/Descritores/PROJETO_DXR_ML_GNN/00_Dados_Originais/docking_boltz-2_V3/02_Ligantes_3D/pdb_from_cif_LIG1/50422671_LIG1.pdb
[50422672] Selecionado: Resíduo 'LIG1' (Cadeia 'B', ID 1) com 26 átomos.
[50422672] SUCESSO: Salvo em /home/patrick/1_PROJETO_DOCAGEM/Projeto_DXR/Banco-de-dados-bindingDB/Descritores/PROJETO_DXR_ML_GNN/00_Dados_Originais/docking_boltz-2_V3/02_Ligantes_3D/pdb_from_cif_LIG1/50422672_LIG1.pdb
[50422673] Selecionado: Resíduo 'LIG1' (Cadeia 'B', ID 1) com 18 átomos.
[50422673] SUCESSO: Salvo em /home/patrick/1_PROJETO_DOCAGEM/Projeto_DXR/Banco-de-dados-bindingDB/Descritores/PROJETO_DXR_ML_GNN/00_Dados_Originais/docking_boltz-2_V3/02_Ligantes_3D/pdb_from_cif_LIG1/50422673_LIG1.pdb
[50422674] Selecionado: Resíduo 'LIG1' (Cadeia 'B', ID 1) com 14 átomos.
[50422674] SUCESSO: Salvo em /home/patrick/1_PROJETO_DOCAGEM/Projeto_DXR/Banco-de-dados-bindingDB/Descritores/PROJETO_DXR_ML_GNN/00_Dados_Originais/docking_boltz-2_V3/02_Ligantes_3D/pdb_from_cif_LIG1/50422674_LIG1.pdb
[50422676] Selecionado: Resíduo 'LIG1' (Cadeia 'B', ID 1) com 15 átomos.
[50422676] SUCESSO: Salvo em /home/patrick/1_PROJETO_DOCAGEM/Projeto_DXR/Banco-de-dados-bindingDB/Descritores/PROJETO_DXR_ML_GNN/00_Dados_Originais/docking_boltz-2_V3/02_Ligantes_3D/pdb_from_cif_LIG1/50422676_LIG1.pdb
[50422677] Selecionado: Resíduo 'LIG1' (Cadeia 'B', ID 1) com 13 átomos.
[50422677] SUCESSO: Salvo em /home/patrick/1_PROJETO_DOCAGEM/Projeto_DXR/Banco-de-dados-bindingDB/Descritores/PROJETO_DXR_ML_GNN/00_Dados_Originais/docking_boltz-2_V3/02_Ligantes_3D/pdb_from_cif_LIG1/50422677_LIG1.pdb
[50437792] Selecionado: Resíduo 'LIG1' (Cadeia 'B', ID 1) com 31 átomos.
[50437792] SUCESSO: Salvo em /home/patrick/1_PROJETO_DOCAGEM/Projeto_DXR/Banco-de-dados-bindingDB/Descritores/PROJETO_DXR_ML_GNN/00_Dados_Originais/docking_boltz-2_V3/02_Ligantes_3D/pdb_from_cif_LIG1/50437792_LIG1.pdb
[50437793] Selecionado: Resíduo 'LIG1' (Cadeia 'B', ID 1) com 31 átomos.
[50437793] SUCESSO: Salvo em /home/patrick/1_PROJETO_DOCAGEM/Projeto_DXR/Banco-de-dados-bindingDB/Descritores/PROJETO_DXR_ML_GNN/00_Dados_Originais/docking_boltz-2_V3/02_Ligantes_3D/pdb_from_cif_LIG1/50437793_LIG1.pdb
[50437794] Selecionado: Resíduo 'LIG1' (Cadeia 'B', ID 1) com 31 átomos.
[50437794] SUCESSO: Salvo em /home/patrick/1_PROJETO_DOCAGEM/Projeto_DXR/Banco-de-dados-bindingDB/Descritores/PROJETO_DXR_ML_GNN/00_Dados_Originais/docking_boltz-2_V3/02_Ligantes_3D/pdb_from_cif_LIG1/50437794_LIG1.pdb
[50437796] Selecionado: Resíduo 'LIG1' (Cadeia 'B', ID 1) com 30 átomos.
[50437796] SUCESSO: Salvo em /home/patrick/1_PROJETO_DOCAGEM/Projeto_DXR/Banco-de-dados-bindingDB/Descritores/PROJETO_DXR_ML_GNN/00_Dados_Originais/docking_boltz-2_V3/02_Ligantes_3D/pdb_from_cif_LIG1/50437796_LIG1.pdb
[50437797] Selecionado: Resíduo 'LIG1' (Cadeia 'B', ID 1) com 25 átomos.
[50437797] SUCESSO: Salvo em /home/patrick/1_PROJETO_DOCAGEM/Projeto_DXR/Banco-de-dados-bindingDB/Descritores/PROJETO_DXR_ML_GNN/00_Dados_Originais/docking_boltz-2_V3/02_Ligantes_3D/pdb_from_cif_LIG1/50437797_LIG1.pdb
[50437801] Selecionado: Resíduo 'LIG1' (Cadeia 'B', ID 1) com 31 átomos.
[50437801] SUCESSO: Salvo em /home/patrick/1_PROJETO_DOCAGEM/Projeto_DXR/Banco-de-dados-bindingDB/Descritores/PROJETO_DXR_ML_GNN/00_Dados_Originais/docking_boltz-2_V3/02_Ligantes_3D/pdb_from_cif_LIG1/50437801_LIG1.pdb
[50437802] Selecionado: Resíduo 'LIG1' (Cadeia 'B', ID 1) com 29 átomos.
[50437802] SUCESSO: Salvo em /home/patrick/1_PROJETO_DOCAGEM/Projeto_DXR/Banco-de-dados-bindingDB/Descritores/PROJETO_DXR_ML_GNN/00_Dados_Originais/docking_boltz-2_V3/02_Ligantes_3D/pdb_from_cif_LIG1/50437802_LIG1.pdb
[50437803] Selecionado: Resíduo 'LIG1' (Cadeia 'B', ID 1) com 26 átomos.
[50437803] SUCESSO: Salvo em /home/patrick/1_PROJETO_DOCAGEM/Projeto_DXR/Banco-de-dados-bindingDB/Descritores/PROJETO_DXR_ML_GNN/00_Dados_Originais/docking_boltz-2_V3/02_Ligantes_3D/pdb_from_cif_LIG1/50437803_LIG1.pdb
[50437804] Selecionado: Resíduo 'LIG1' (Cadeia 'B', ID 1) com 21 átomos.
[50437804] SUCESSO: Salvo em /home/patrick/1_PROJETO_DOCAGEM/Projeto_DXR/Banco-de-dados-bindingDB/Descritores/PROJETO_DXR_ML_GNN/00_Dados_Originais/docking_boltz-2_V3/02_Ligantes_3D/pdb_from_cif_LIG1/50437804_LIG1.pdb
[50437805] Selecionado: Resíduo 'LIG1' (Cadeia 'B', ID 1) com 20 átomos.
[50437805] SUCESSO: Salvo em /home/patrick/1_PROJETO_DOCAGEM/Projeto_DXR/Banco-de-dados-bindingDB/Descritores/PROJETO_DXR_ML_GNN/00_Dados_Originais/docking_boltz-2_V3/02_Ligantes_3D/pdb_from_cif_LIG1/50437805_LIG1.pdb
[50437806] Selecionado: Resíduo 'LIG1' (Cadeia 'B', ID 1) com 17 átomos.
[50437806] SUCESSO: Salvo em /home/patrick/1_PROJETO_DOCAGEM/Projeto_DXR/Banco-de-dados-bindingDB/Descritores/PROJETO_DXR_ML_GNN/00_Dados_Originais/docking_boltz-2_V3/02_Ligantes_3D/pdb_from_cif_LIG1/50437806_LIG1.pdb
[50441189] Selecionado: Resíduo 'LIG1' (Cadeia 'B', ID 1) com 18 átomos.
[50441189] SUCESSO: Salvo em /home/patrick/1_PROJETO_DOCAGEM/Projeto_DXR/Banco-de-dados-bindingDB/Descritores/PROJETO_DXR_ML_GNN/00_Dados_Originais/docking_boltz-2_V3/02_Ligantes_3D/pdb_from_cif_LIG1/50441189_LIG1.pdb
[50441191] Selecionado: Resíduo 'LIG1' (Cadeia 'B', ID 1) com 19 átomos.
[50441191] SUCESSO: Salvo em /home/patrick/1_PROJETO_DOCAGEM/Projeto_DXR/Banco-de-dados-bindingDB/Descritores/PROJETO_DXR_ML_GNN/00_Dados_Originais/docking_boltz-2_V3/02_Ligantes_3D/pdb_from_cif_LIG1/50441191_LIG1.pdb
[50441192] Selecionado: Resíduo 'LIG1' (Cadeia 'B', ID 1) com 17 átomos.
[50441192] SUCESSO: Salvo em /home/patrick/1_PROJETO_DOCAGEM/Projeto_DXR/Banco-de-dados-bindingDB/Descritores/PROJETO_DXR_ML_GNN/00_Dados_Originais/docking_boltz-2_V3/02_Ligantes_3D/pdb_from_cif_LIG1/50441192_LIG1.pdb
[50441193] Selecionado: Resíduo 'LIG1' (Cadeia 'B', ID 1) com 19 átomos.
[50441193] SUCESSO: Salvo em /home/patrick/1_PROJETO_DOCAGEM/Projeto_DXR/Banco-de-dados-bindingDB/Descritores/PROJETO_DXR_ML_GNN/00_Dados_Originais/docking_boltz-2_V3/02_Ligantes_3D/pdb_from_cif_LIG1/50441193_LIG1.pdb
[50441194] Selecionado: Resíduo 'LIG1' (Cadeia 'B', ID 1) com 22 átomos.
[50441194] SUCESSO: Salvo em /home/patrick/1_PROJETO_DOCAGEM/Projeto_DXR/Banco-de-dados-bindingDB/Descritores/PROJETO_DXR_ML_GNN/00_Dados_Originais/docking_boltz-2_V3/02_Ligantes_3D/pdb_from_cif_LIG1/50441194_LIG1.pdb
[50441195] Selecionado: Resíduo 'LIG1' (Cadeia 'B', ID 1) com 20 átomos.
[50441195] SUCESSO: Salvo em /home/patrick/1_PROJETO_DOCAGEM/Projeto_DXR/Banco-de-dados-bindingDB/Descritores/PROJETO_DXR_ML_GNN/00_Dados_Originais/docking_boltz-2_V3/02_Ligantes_3D/pdb_from_cif_LIG1/50441195_LIG1.pdb
[50441196] Selecionado: Resíduo 'LIG1' (Cadeia 'B', ID 1) com 20 átomos.
[50441196] SUCESSO: Salvo em /home/patrick/1_PROJETO_DOCAGEM/Projeto_DXR/Banco-de-dados-bindingDB/Descritores/PROJETO_DXR_ML_GNN/00_Dados_Originais/docking_boltz-2_V3/02_Ligantes_3D/pdb_from_cif_LIG1/50441196_LIG1.pdb
[50441197] Selecionado: Resíduo 'LIG1' (Cadeia 'B', ID 1) com 18 átomos.
[50441197] SUCESSO: Salvo em /home/patrick/1_PROJETO_DOCAGEM/Projeto_DXR/Banco-de-dados-bindingDB/Descritores/PROJETO_DXR_ML_GNN/00_Dados_Originais/docking_boltz-2_V3/02_Ligantes_3D/pdb_from_cif_LIG1/50441197_LIG1.pdb
[50441200] Selecionado: Resíduo 'LIG1' (Cadeia 'B', ID 1) com 19 átomos.
[50441200] SUCESSO: Salvo em /home/patrick/1_PROJETO_DOCAGEM/Projeto_DXR/Banco-de-dados-bindingDB/Descritores/PROJETO_DXR_ML_GNN/00_Dados_Originais/docking_boltz-2_V3/02_Ligantes_3D/pdb_from_cif_LIG1/50441200_LIG1.pdb
[50441201] Selecionado: Resíduo 'LIG1' (Cadeia 'B', ID 1) com 22 átomos.
[50441201] SUCESSO: Salvo em /home/patrick/1_PROJETO_DOCAGEM/Projeto_DXR/Banco-de-dados-bindingDB/Descritores/PROJETO_DXR_ML_GNN/00_Dados_Originais/docking_boltz-2_V3/02_Ligantes_3D/pdb_from_cif_LIG1/50441201_LIG1.pdb
[50441202] Selecionado: Resíduo 'LIG1' (Cadeia 'B', ID 1) com 20 átomos.
[50441202] SUCESSO: Salvo em /home/patrick/1_PROJETO_DOCAGEM/Projeto_DXR/Banco-de-dados-bindingDB/Descritores/PROJETO_DXR_ML_GNN/00_Dados_Originais/docking_boltz-2_V3/02_Ligantes_3D/pdb_from_cif_LIG1/50441202_LIG1.pdb
[50441203] Selecionado: Resíduo 'LIG1' (Cadeia 'B', ID 1) com 20 átomos.
[50441203] SUCESSO: Salvo em /home/patrick/1_PROJETO_DOCAGEM/Projeto_DXR/Banco-de-dados-bindingDB/Descritores/PROJETO_DXR_ML_GNN/00_Dados_Originais/docking_boltz-2_V3/02_Ligantes_3D/pdb_from_cif_LIG1/50441203_LIG1.pdb
[50441204] Selecionado: Resíduo 'LIG1' (Cadeia 'B', ID 1) com 18 átomos.
[50441204] SUCESSO: Salvo em /home/patrick/1_PROJETO_DOCAGEM/Projeto_DXR/Banco-de-dados-bindingDB/Descritores/PROJETO_DXR_ML_GNN/00_Dados_Originais/docking_boltz-2_V3/02_Ligantes_3D/pdb_from_cif_LIG1/50441204_LIG1.pdb
[50441205] Selecionado: Resíduo 'LIG1' (Cadeia 'B', ID 1) com 19 átomos.
[50441205] SUCESSO: Salvo em /home/patrick/1_PROJETO_DOCAGEM/Projeto_DXR/Banco-de-dados-bindingDB/Descritores/PROJETO_DXR_ML_GNN/00_Dados_Originais/docking_boltz-2_V3/02_Ligantes_3D/pdb_from_cif_LIG1/50441205_LIG1.pdb
[50441206] Selecionado: Resíduo 'LIG1' (Cadeia 'B', ID 1) com 19 átomos.
[50441206] SUCESSO: Salvo em /home/patrick/1_PROJETO_DOCAGEM/Projeto_DXR/Banco-de-dados-bindingDB/Descritores/PROJETO_DXR_ML_GNN/00_Dados_Originais/docking_boltz-2_V3/02_Ligantes_3D/pdb_from_cif_LIG1/50441206_LIG1.pdb
[50441207] Selecionado: Resíduo 'LIG1' (Cadeia 'B', ID 1) com 17 átomos.
[50441207] SUCESSO: Salvo em /home/patrick/1_PROJETO_DOCAGEM/Projeto_DXR/Banco-de-dados-bindingDB/Descritores/PROJETO_DXR_ML_GNN/00_Dados_Originais/docking_boltz-2_V3/02_Ligantes_3D/pdb_from_cif_LIG1/50441207_LIG1.pdb
[50441208] Selecionado: Resíduo 'LIG1' (Cadeia 'B', ID 1) com 19 átomos.
[50441208] SUCESSO: Salvo em /home/patrick/1_PROJETO_DOCAGEM/Projeto_DXR/Banco-de-dados-bindingDB/Descritores/PROJETO_DXR_ML_GNN/00_Dados_Originais/docking_boltz-2_V3/02_Ligantes_3D/pdb_from_cif_LIG1/50441208_LIG1.pdb
[50441209] Selecionado: Resíduo 'LIG1' (Cadeia 'B', ID 1) com 22 átomos.
[50441209] SUCESSO: Salvo em /home/patrick/1_PROJETO_DOCAGEM/Projeto_DXR/Banco-de-dados-bindingDB/Descritores/PROJETO_DXR_ML_GNN/00_Dados_Originais/docking_boltz-2_V3/02_Ligantes_3D/pdb_from_cif_LIG1/50441209_LIG1.pdb
[50441210] Selecionado: Resíduo 'LIG1' (Cadeia 'B', ID 1) com 20 átomos.
[50441210] SUCESSO: Salvo em /home/patrick/1_PROJETO_DOCAGEM/Projeto_DXR/Banco-de-dados-bindingDB/Descritores/PROJETO_DXR_ML_GNN/00_Dados_Originais/docking_boltz-2_V3/02_Ligantes_3D/pdb_from_cif_LIG1/50441210_LIG1.pdb
[50441211] Selecionado: Resíduo 'LIG1' (Cadeia 'B', ID 1) com 20 átomos.
[50441211] SUCESSO: Salvo em /home/patrick/1_PROJETO_DOCAGEM/Projeto_DXR/Banco-de-dados-bindingDB/Descritores/PROJETO_DXR_ML_GNN/00_Dados_Originais/docking_boltz-2_V3/02_Ligantes_3D/pdb_from_cif_LIG1/50441211_LIG1.pdb
[50445564] Selecionado: Resíduo 'LIG1' (Cadeia 'B', ID 1) com 12 átomos.
[50445564] SUCESSO: Salvo em /home/patrick/1_PROJETO_DOCAGEM/Projeto_DXR/Banco-de-dados-bindingDB/Descritores/PROJETO_DXR_ML_GNN/00_Dados_Originais/docking_boltz-2_V3/02_Ligantes_3D/pdb_from_cif_LIG1/50445564_LIG1.pdb
[50459310] Selecionado: Resíduo 'LIG1' (Cadeia 'B', ID 1) com 11 átomos.
[50459310] SUCESSO: Salvo em /home/patrick/1_PROJETO_DOCAGEM/Projeto_DXR/Banco-de-dados-bindingDB/Descritores/PROJETO_DXR_ML_GNN/00_Dados_Originais/docking_boltz-2_V3/02_Ligantes_3D/pdb_from_cif_LIG1/50459310_LIG1.pdb
[50459311] Selecionado: Resíduo 'LIG1' (Cadeia 'B', ID 1) com 12 átomos.
[50459311] SUCESSO: Salvo em /home/patrick/1_PROJETO_DOCAGEM/Projeto_DXR/Banco-de-dados-bindingDB/Descritores/PROJETO_DXR_ML_GNN/00_Dados_Originais/docking_boltz-2_V3/02_Ligantes_3D/pdb_from_cif_LIG1/50459311_LIG1.pdb
[50528590] Selecionado: Resíduo 'LIG1' (Cadeia 'B', ID 1) com 18 átomos.
[50528590] SUCESSO: Salvo em /home/patrick/1_PROJETO_DOCAGEM/Projeto_DXR/Banco-de-dados-bindingDB/Descritores/PROJETO_DXR_ML_GNN/00_Dados_Originais/docking_boltz-2_V3/02_Ligantes_3D/pdb_from_cif_LIG1/50528590_LIG1.pdb
[50528591] Selecionado: Resíduo 'LIG1' (Cadeia 'B', ID 1) com 24 átomos.
[50528591] SUCESSO: Salvo em /home/patrick/1_PROJETO_DOCAGEM/Projeto_DXR/Banco-de-dados-bindingDB/Descritores/PROJETO_DXR_ML_GNN/00_Dados_Originais/docking_boltz-2_V3/02_Ligantes_3D/pdb_from_cif_LIG1/50528591_LIG1.pdb
[50528593] Selecionado: Resíduo 'LIG1' (Cadeia 'B', ID 1) com 20 átomos.
[50528593] SUCESSO: Salvo em /home/patrick/1_PROJETO_DOCAGEM/Projeto_DXR/Banco-de-dados-bindingDB/Descritores/PROJETO_DXR_ML_GNN/00_Dados_Originais/docking_boltz-2_V3/02_Ligantes_3D/pdb_from_cif_LIG1/50528593_LIG1.pdb
[50528595] Selecionado: Resíduo 'LIG1' (Cadeia 'B', ID 1) com 22 átomos.
[50528595] SUCESSO: Salvo em /home/patrick/1_PROJETO_DOCAGEM/Projeto_DXR/Banco-de-dados-bindingDB/Descritores/PROJETO_DXR_ML_GNN/00_Dados_Originais/docking_boltz-2_V3/02_Ligantes_3D/pdb_from_cif_LIG1/50528595_LIG1.pdb
[50528597] Selecionado: Resíduo 'LIG1' (Cadeia 'B', ID 1) com 22 átomos.
[50528597] SUCESSO: Salvo em /home/patrick/1_PROJETO_DOCAGEM/Projeto_DXR/Banco-de-dados-bindingDB/Descritores/PROJETO_DXR_ML_GNN/00_Dados_Originais/docking_boltz-2_V3/02_Ligantes_3D/pdb_from_cif_LIG1/50528597_LIG1.pdb
[50528598] Selecionado: Resíduo 'LIG1' (Cadeia 'B', ID 1) com 19 átomos.
[50528598] SUCESSO: Salvo em /home/patrick/1_PROJETO_DOCAGEM/Projeto_DXR/Banco-de-dados-bindingDB/Descritores/PROJETO_DXR_ML_GNN/00_Dados_Originais/docking_boltz-2_V3/02_Ligantes_3D/pdb_from_cif_LIG1/50528598_LIG1.pdb
[50528600] Selecionado: Resíduo 'LIG1' (Cadeia 'B', ID 1) com 22 átomos.
[50528600] SUCESSO: Salvo em /home/patrick/1_PROJETO_DOCAGEM/Projeto_DXR/Banco-de-dados-bindingDB/Descritores/PROJETO_DXR_ML_GNN/00_Dados_Originais/docking_boltz-2_V3/02_Ligantes_3D/pdb_from_cif_LIG1/50528600_LIG1.pdb
[50528601] Selecionado: Resíduo 'LIG1' (Cadeia 'B', ID 1) com 23 átomos.
[50528601] SUCESSO: Salvo em /home/patrick/1_PROJETO_DOCAGEM/Projeto_DXR/Banco-de-dados-bindingDB/Descritores/PROJETO_DXR_ML_GNN/00_Dados_Originais/docking_boltz-2_V3/02_Ligantes_3D/pdb_from_cif_LIG1/50528601_LIG1.pdb
[50528602] Selecionado: Resíduo 'LIG1' (Cadeia 'B', ID 1) com 19 átomos.
[50528602] SUCESSO: Salvo em /home/patrick/1_PROJETO_DOCAGEM/Projeto_DXR/Banco-de-dados-bindingDB/Descritores/PROJETO_DXR_ML_GNN/00_Dados_Originais/docking_boltz-2_V3/02_Ligantes_3D/pdb_from_cif_LIG1/50528602_LIG1.pdb
[50528603] Selecionado: Resíduo 'LIG1' (Cadeia 'B', ID 1) com 21 átomos.
[50528603] SUCESSO: Salvo em /home/patrick/1_PROJETO_DOCAGEM/Projeto_DXR/Banco-de-dados-bindingDB/Descritores/PROJETO_DXR_ML_GNN/00_Dados_Originais/docking_boltz-2_V3/02_Ligantes_3D/pdb_from_cif_LIG1/50528603_LIG1.pdb
------------------------------------------------------------
Processamento concluído. Sucessos: 118 | Erros: 0
